<?xml version="1.0" encoding="utf-8"?>
<!DOCTYPE coverage SYSTEM "http://cobertura.sourceforge.net/xml/coverage-04.dtd">
<coverage line-rate="0.105483465885308" branch-rate="0.0618349151567443" lines-covered="1008" lines-valid="9556" branches-covered="215" branches-valid="3477" complexity="3187" version="0" timestamp="1700689796">
  <sources />
  <packages>
    <package name="Microsoft.TestPlatform.CoreUtilities" line-rate="0.00342857142857143" branch-rate="0.00284090909090909" complexity="403">
      <classes>
        <class name="Microsoft.VisualStudio.TestPlatform.Common.Utilities.Job`1" filename="/_/src/Microsoft.TestPlatform.CoreUtilities/Utilities/Job.cs" line-rate="1" branch-rate="1" complexity="1">
          <methods>
            <method name="ShutdownJob" signature="()" line-rate="1" branch-rate="1" complexity="NaN">
              <lines />
            </method>
            <method name="Payload" signature="()" line-rate="1" branch-rate="1" complexity="NaN">
              <lines />
            </method>
            <method name="Payload" signature="(TPayload)" line-rate="1" branch-rate="1" complexity="NaN">
              <lines />
            </method>
            <method name="Shutdown" signature="()" line-rate="1" branch-rate="1" complexity="NaN">
              <lines />
            </method>
            <method name="Shutdown" signature="(System.Boolean)" line-rate="1" branch-rate="1" complexity="NaN">
              <lines />
            </method>
            <method name="WaitManualResetEvent" signature="()" line-rate="1" branch-rate="1" complexity="NaN">
              <lines />
            </method>
            <method name="WaitManualResetEvent" signature="(System.Threading.ManualResetEvent)" line-rate="1" branch-rate="1" complexity="NaN">
              <lines />
            </method>
            <method name="Size" signature="()" line-rate="1" branch-rate="1" complexity="NaN">
              <lines />
            </method>
            <method name="Size" signature="(System.Int32)" line-rate="1" branch-rate="1" complexity="NaN">
              <lines />
            </method>
            <method name=".ctor" signature="(TPayload,System.Int32)" line-rate="1" branch-rate="1" complexity="NaN">
              <lines />
            </method>
            <method name=".ctor" signature="()" line-rate="1" branch-rate="1" complexity="1">
              <lines />
            </method>
            <method name="CreateWaitJob" signature="(System.Threading.ManualResetEvent)" line-rate="1" branch-rate="1" complexity="NaN">
              <lines />
            </method>
          </methods>
          <lines />
        </class>
        <class name="Microsoft.VisualStudio.TestPlatform.CoreUtilities.Extensions.StringBuilderExtensions" filename="/_/src/Microsoft.TestPlatform.CoreUtilities/Extensions/StringBuilderExtensions.cs" line-rate="1" branch-rate="1" complexity="NaN">
          <methods>
            <method name="AppendSafeWithNewLine" signature="(System.Text.StringBuilder,System.String)" line-rate="1" branch-rate="1" complexity="NaN">
              <lines />
            </method>
          </methods>
          <lines />
        </class>
        <class name="Microsoft.VisualStudio.TestPlatform.CoreUtilities.Extensions.StringExtensions" filename="/_/src/Microsoft.TestPlatform.CoreUtilities/Extensions/StringExtensions.cs" line-rate="1" branch-rate="1" complexity="NaN">
          <methods>
            <method name="AddDoubleQuote" signature="(System.String)" line-rate="1" branch-rate="1" complexity="NaN">
              <lines />
            </method>
          </methods>
          <lines />
        </class>
        <class name="Microsoft.VisualStudio.TestPlatform.CoreUtilities.Helpers.CommandLineArgumentsHelper" filename="/_/src/Microsoft.TestPlatform.CoreUtilities/Helpers/CommandLineArgumentsHelper.cs" line-rate="1" branch-rate="1" complexity="NaN">
          <methods>
            <method name="GetArgumentsDictionary" signature="(System.String[])" line-rate="1" branch-rate="1" complexity="NaN">
              <lines />
            </method>
            <method name="GetIntArgFromDict" signature="(System.Collections.Generic.IDictionary`2&lt;System.String,System.String&gt;,System.String)" line-rate="1" branch-rate="1" complexity="NaN">
              <lines />
            </method>
            <method name="TryGetIntArgFromDict" signature="(System.Collections.Generic.IDictionary`2&lt;System.String,System.String&gt;,System.String,System.Int32&amp;)" line-rate="1" branch-rate="1" complexity="NaN">
              <lines />
            </method>
            <method name="GetStringArgFromDict" signature="(System.Collections.Generic.IDictionary`2&lt;System.String,System.String&gt;,System.String)" line-rate="1" branch-rate="1" complexity="NaN">
              <lines />
            </method>
          </methods>
          <lines />
        </class>
        <class name="Microsoft.VisualStudio.TestPlatform.CoreUtilities.Helpers.EnvironmentHelper" filename="/_/src/Microsoft.TestPlatform.CoreUtilities/Helpers/EnvironmentHelper.cs" line-rate="1" branch-rate="1" complexity="4">
          <methods>
            <method name="GetConnectionTimeout" signature="()" line-rate="1" branch-rate="1" complexity="4">
              <lines />
            </method>
          </methods>
          <lines />
        </class>
        <class name="Microsoft.VisualStudio.TestPlatform.CoreUtilities.Helpers.EnvironmentVariableHelper" filename="/_/src/Microsoft.TestPlatform.CoreUtilities/Helpers/EnvironmentVariableHelper.cs" line-rate="1" branch-rate="1" complexity="1">
          <methods>
            <method name="GetEnvironmentVariable" signature="(System.String)" line-rate="1" branch-rate="1" complexity="NaN">
              <lines />
            </method>
            <method name="GetEnvironmentVariableAsEnum" signature="(System.String,TEnum)" line-rate="1" branch-rate="1" complexity="NaN">
              <lines />
            </method>
            <method name="SetEnvironmentVariable" signature="(System.String,System.String)" line-rate="1" branch-rate="1" complexity="NaN">
              <lines />
            </method>
            <method name="GetEnvironmentVariables" signature="()" line-rate="1" branch-rate="1" complexity="1">
              <lines />
            </method>
          </methods>
          <lines />
        </class>
        <class name="Microsoft.VisualStudio.TestPlatform.CoreUtilities.StringUtils" filename="/_/src/Microsoft.TestPlatform.CoreUtilities/NullableHelpers.cs" line-rate="1" branch-rate="1" complexity="NaN">
          <methods>
            <method name="IsNullOrEmpty" signature="(System.String)" line-rate="1" branch-rate="1" complexity="NaN">
              <lines />
            </method>
            <method name="IsNullOrWhiteSpace" signature="(System.String)" line-rate="1" branch-rate="1" complexity="NaN">
              <lines />
            </method>
          </methods>
          <lines />
        </class>
        <class name="Microsoft.VisualStudio.TestPlatform.CoreUtilities.Tracing.TestPlatformEventSource" filename="/_/src/Microsoft.TestPlatform.CoreUtilities/Tracing/TestPlatformEventSource.cs" line-rate="1" branch-rate="1" complexity="35">
          <methods>
            <method name="Instance" signature="()" line-rate="1" branch-rate="1" complexity="NaN">
              <lines />
            </method>
            <method name="VsTestConsoleStart" signature="()" line-rate="1" branch-rate="1" complexity="1">
              <lines />
            </method>
            <method name="VsTestConsoleStop" signature="()" line-rate="1" branch-rate="1" complexity="1">
              <lines />
            </method>
            <method name="DiscoveryRequestStart" signature="()" line-rate="1" branch-rate="1" complexity="1">
              <lines />
            </method>
            <method name="DiscoveryRequestStop" signature="()" line-rate="1" branch-rate="1" complexity="1">
              <lines />
            </method>
            <method name="ExecutionRequestStart" signature="()" line-rate="1" branch-rate="1" complexity="1">
              <lines />
            </method>
            <method name="ExecutionRequestStop" signature="()" line-rate="1" branch-rate="1" complexity="1">
              <lines />
            </method>
            <method name="TestHostStart" signature="()" line-rate="1" branch-rate="1" complexity="1">
              <lines />
            </method>
            <method name="TestHostStop" signature="()" line-rate="1" branch-rate="1" complexity="1">
              <lines />
            </method>
            <method name="TestHostAppDomainCreationStart" signature="()" line-rate="1" branch-rate="1" complexity="1">
              <lines />
            </method>
            <method name="TestHostAppDomainCreationStop" signature="()" line-rate="1" branch-rate="1" complexity="1">
              <lines />
            </method>
            <method name="AdapterSearchStart" signature="()" line-rate="1" branch-rate="1" complexity="1">
              <lines />
            </method>
            <method name="AdapterSearchStop" signature="()" line-rate="1" branch-rate="1" complexity="1">
              <lines />
            </method>
            <method name="AdapterExecutionStart" signature="(System.String)" line-rate="1" branch-rate="1" complexity="NaN">
              <lines />
            </method>
            <method name="AdapterExecutionStop" signature="(System.Int64)" line-rate="1" branch-rate="1" complexity="NaN">
              <lines />
            </method>
            <method name="AdapterDiscoveryStart" signature="(System.String)" line-rate="1" branch-rate="1" complexity="NaN">
              <lines />
            </method>
            <method name="AdapterDiscoveryStop" signature="(System.Int64)" line-rate="1" branch-rate="1" complexity="NaN">
              <lines />
            </method>
            <method name="DiscoveryStart" signature="()" line-rate="1" branch-rate="1" complexity="1">
              <lines />
            </method>
            <method name="DiscoveryStop" signature="(System.Int64)" line-rate="1" branch-rate="1" complexity="NaN">
              <lines />
            </method>
            <method name="ExecutionStart" signature="()" line-rate="1" branch-rate="1" complexity="1">
              <lines />
            </method>
            <method name="ExecutionStop" signature="(System.Int64)" line-rate="1" branch-rate="1" complexity="NaN">
              <lines />
            </method>
            <method name="DataCollectionStart" signature="(System.String)" line-rate="1" branch-rate="1" complexity="NaN">
              <lines />
            </method>
            <method name="DataCollectionStop" signature="()" line-rate="1" branch-rate="1" complexity="1">
              <lines />
            </method>
            <method name="TranslationLayerInitializeStart" signature="()" line-rate="1" branch-rate="1" complexity="1">
              <lines />
            </method>
            <method name="TranslationLayerInitializeStop" signature="()" line-rate="1" branch-rate="1" complexity="1">
              <lines />
            </method>
            <method name="TranslationLayerDiscoveryStart" signature="()" line-rate="1" branch-rate="1" complexity="1">
              <lines />
            </method>
            <method name="TranslationLayerDiscoveryStop" signature="()" line-rate="1" branch-rate="1" complexity="1">
              <lines />
            </method>
            <method name="TranslationLayerExecutionStart" signature="(System.Int64,System.Int64,System.Int64,System.String)" line-rate="1" branch-rate="1" complexity="NaN">
              <lines />
            </method>
            <method name="TranslationLayerExecutionStop" signature="()" line-rate="1" branch-rate="1" complexity="1">
              <lines />
            </method>
            <method name="MetricsDisposeStart" signature="()" line-rate="1" branch-rate="1" complexity="1">
              <lines />
            </method>
            <method name="MetricsDisposeStop" signature="()" line-rate="1" branch-rate="1" complexity="1">
              <lines />
            </method>
            <method name="TestRunAttachmentsProcessingRequestStart" signature="()" line-rate="1" branch-rate="1" complexity="1">
              <lines />
            </method>
            <method name="TestRunAttachmentsProcessingRequestStop" signature="()" line-rate="1" branch-rate="1" complexity="1">
              <lines />
            </method>
            <method name="TestRunAttachmentsProcessingStart" signature="(System.Int64)" line-rate="1" branch-rate="1" complexity="NaN">
              <lines />
            </method>
            <method name="TestRunAttachmentsProcessingStop" signature="(System.Int64)" line-rate="1" branch-rate="1" complexity="NaN">
              <lines />
            </method>
            <method name="TranslationLayerTestRunAttachmentsProcessingStart" signature="()" line-rate="1" branch-rate="1" complexity="1">
              <lines />
            </method>
            <method name="TranslationLayerTestRunAttachmentsProcessingStop" signature="()" line-rate="1" branch-rate="1" complexity="1">
              <lines />
            </method>
            <method name="StartTestSessionStart" signature="()" line-rate="1" branch-rate="1" complexity="1">
              <lines />
            </method>
            <method name="StartTestSessionStop" signature="()" line-rate="1" branch-rate="1" complexity="1">
              <lines />
            </method>
            <method name="TranslationLayerStartTestSessionStart" signature="()" line-rate="1" branch-rate="1" complexity="1">
              <lines />
            </method>
            <method name="TranslationLayerStartTestSessionStop" signature="()" line-rate="1" branch-rate="1" complexity="1">
              <lines />
            </method>
            <method name="StopTestSessionStart" signature="()" line-rate="1" branch-rate="1" complexity="1">
              <lines />
            </method>
            <method name="StopTestSessionStop" signature="()" line-rate="1" branch-rate="1" complexity="1">
              <lines />
            </method>
            <method name="TranslationLayerStopTestSessionStart" signature="()" line-rate="1" branch-rate="1" complexity="1">
              <lines />
            </method>
            <method name="TranslationLayerStopTestSessionStop" signature="()" line-rate="1" branch-rate="1" complexity="1">
              <lines />
            </method>
            <method name=".cctor" signature="()" line-rate="1" branch-rate="1" complexity="1">
              <lines />
            </method>
          </methods>
          <lines />
        </class>
        <class name="Microsoft.VisualStudio.TestPlatform.CrossPlatEngine.Helpers.DotnetHostHelper" filename="/_/src/Microsoft.TestPlatform.CoreUtilities/Helpers/DotnetHostHelper.cs" line-rate="1" branch-rate="1" complexity="5">
          <methods>
            <method name=".ctor" signature="()" line-rate="1" branch-rate="1" complexity="1">
              <lines />
            </method>
            <method name=".ctor" signature="(Microsoft.VisualStudio.TestPlatform.Utilities.Helpers.Interfaces.IFileHelper,Microsoft.VisualStudio.TestPlatform.PlatformAbstractions.Interfaces.IEnvironment)" line-rate="1" branch-rate="1" complexity="NaN">
              <lines />
            </method>
            <method name=".ctor" signature="(Microsoft.VisualStudio.TestPlatform.Utilities.Helpers.Interfaces.IFileHelper,Microsoft.VisualStudio.TestPlatform.PlatformAbstractions.Interfaces.IEnvironment,Microsoft.VisualStudio.TestPlatform.Utilities.Helpers.Interfaces.IWindowsRegistryHelper,Microsoft.VisualStudio.TestPlatform.Utilities.Helpers.Interfaces.IEnvironmentVariableHelper,Microsoft.VisualStudio.TestPlatform.PlatformAbstractions.Interfaces.IProcessHelper)" line-rate="1" branch-rate="1" complexity="NaN">
              <lines />
            </method>
            <method name="GetDotnetPath" signature="()" line-rate="1" branch-rate="1" complexity="2">
              <lines />
            </method>
            <method name="GetMonoPath" signature="()" line-rate="1" branch-rate="1" complexity="2">
              <lines />
            </method>
            <method name="TryGetExecutablePath" signature="(System.String,System.String&amp;)" line-rate="1" branch-rate="1" complexity="NaN">
              <lines />
            </method>
            <method name="TryGetDotnetPathByArchitecture" signature="(Microsoft.VisualStudio.TestPlatform.PlatformAbstractions.PlatformArchitecture,Microsoft.VisualStudio.TestPlatform.CoreUtilities.Helpers.DotnetMuxerResolutionStrategy,System.String&amp;)" line-rate="1" branch-rate="1" complexity="NaN">
              <lines />
            </method>
            <method name="GetMuxerFromGlobalRegistrationWin" signature="(Microsoft.VisualStudio.TestPlatform.PlatformAbstractions.PlatformArchitecture)" line-rate="1" branch-rate="1" complexity="NaN">
              <lines />
            </method>
            <method name="GetMuxerFromGlobalRegistrationOnUnix" signature="(Microsoft.VisualStudio.TestPlatform.PlatformAbstractions.PlatformArchitecture)" line-rate="1" branch-rate="1" complexity="NaN">
              <lines />
            </method>
            <method name="GetMuxerArchitectureByPEHeaderOnWin" signature="(System.String)" line-rate="1" branch-rate="1" complexity="NaN">
              <lines />
            </method>
            <method name="GetMuxerArchitectureByMachoOnMac" signature="(System.String)" line-rate="1" branch-rate="1" complexity="NaN">
              <lines />
            </method>
            <method name="IsValidArchitectureMuxer" signature="(Microsoft.VisualStudio.TestPlatform.PlatformAbstractions.PlatformArchitecture,System.String)" line-rate="1" branch-rate="1" complexity="NaN">
              <lines />
            </method>
          </methods>
          <lines />
        </class>
        <class name="Microsoft.VisualStudio.TestPlatform.ObjectModel.EqtTrace" filename="/_/src/Microsoft.TestPlatform.CoreUtilities/Tracing/EqtTrace.cs" line-rate="1" branch-rate="1" complexity="1">
          <methods>
            <method name="TraceLevel" signature="()" line-rate="1" branch-rate="1" complexity="NaN">
              <lines />
            </method>
            <method name="TraceLevel" signature="(System.Diagnostics.TraceLevel)" line-rate="1" branch-rate="1" complexity="NaN">
              <lines />
            </method>
            <method name="LogFile" signature="()" line-rate="1" branch-rate="1" complexity="NaN">
              <lines />
            </method>
            <method name="DoNotInitailize" signature="()" line-rate="1" branch-rate="1" complexity="NaN">
              <lines />
            </method>
            <method name="DoNotInitailize" signature="(System.Boolean)" line-rate="1" branch-rate="1" complexity="NaN">
              <lines />
            </method>
            <method name="ErrorOnInitialization" signature="()" line-rate="1" branch-rate="1" complexity="NaN">
              <lines />
            </method>
            <method name="ErrorOnInitialization" signature="(System.String)" line-rate="1" branch-rate="1" complexity="NaN">
              <lines />
            </method>
            <method name="IsErrorEnabled" signature="()" line-rate="1" branch-rate="1" complexity="NaN">
              <lines />
            </method>
            <method name="IsInfoEnabled" signature="()" line-rate="1" branch-rate="1" complexity="NaN">
              <lines />
            </method>
            <method name="IsVerboseEnabled" signature="()" line-rate="1" branch-rate="1" complexity="NaN">
              <lines />
            </method>
            <method name="IsWarningEnabled" signature="()" line-rate="1" branch-rate="1" complexity="NaN">
              <lines />
            </method>
            <method name="SetupRemoteEqtTraceListeners" signature="(System.AppDomain)" line-rate="1" branch-rate="1" complexity="NaN">
              <lines />
            </method>
            <method name="SetupListener" signature="(System.Diagnostics.TraceListener)" line-rate="1" branch-rate="1" complexity="NaN">
              <lines />
            </method>
            <method name="InitializeVerboseTrace" signature="(System.String)" line-rate="1" branch-rate="1" complexity="NaN">
              <lines />
            </method>
            <method name="InitializeTrace" signature="(System.String,Microsoft.VisualStudio.TestPlatform.ObjectModel.PlatformTraceLevel)" line-rate="1" branch-rate="1" complexity="NaN">
              <lines />
            </method>
            <method name="Fail" signature="(System.String)" line-rate="1" branch-rate="1" complexity="NaN">
              <lines />
            </method>
            <method name="Fail" signature="(System.String,System.Object[])" line-rate="1" branch-rate="1" complexity="NaN">
              <lines />
            </method>
            <method name="Error" signature="(System.String)" line-rate="1" branch-rate="1" complexity="NaN">
              <lines />
            </method>
            <method name="ErrorIf" signature="(System.Boolean,System.String)" line-rate="1" branch-rate="1" complexity="NaN">
              <lines />
            </method>
            <method name="ErrorUnless" signature="(System.Boolean,System.String)" line-rate="1" branch-rate="1" complexity="NaN">
              <lines />
            </method>
            <method name="ErrorUnlessAlterTrace" signature="(System.Boolean,Microsoft.VisualStudio.TestPlatform.ObjectModel.PlatformTraceLevel,System.String)" line-rate="1" branch-rate="1" complexity="NaN">
              <lines />
            </method>
            <method name="Error" signature="(System.String,System.Object[])" line-rate="1" branch-rate="1" complexity="NaN">
              <lines />
            </method>
            <method name="ErrorUnless" signature="(System.Boolean,System.String,System.Object[])" line-rate="1" branch-rate="1" complexity="NaN">
              <lines />
            </method>
            <method name="ErrorUnlessAlterTrace" signature="(System.Boolean,Microsoft.VisualStudio.TestPlatform.ObjectModel.PlatformTraceLevel,System.String,System.Object[])" line-rate="1" branch-rate="1" complexity="NaN">
              <lines />
            </method>
            <method name="ErrorIf" signature="(System.Boolean,System.String,System.Object[])" line-rate="1" branch-rate="1" complexity="NaN">
              <lines />
            </method>
            <method name="ErrorAssert" signature="(System.String,System.Object[])" line-rate="1" branch-rate="1" complexity="NaN">
              <lines />
            </method>
            <method name="Error" signature="(System.Exception)" line-rate="1" branch-rate="1" complexity="NaN">
              <lines />
            </method>
            <method name="Warning" signature="(System.String)" line-rate="1" branch-rate="1" complexity="NaN">
              <lines />
            </method>
            <method name="WarningIf" signature="(System.Boolean,System.String)" line-rate="1" branch-rate="1" complexity="NaN">
              <lines />
            </method>
            <method name="WarningUnless" signature="(System.Boolean,System.String)" line-rate="1" branch-rate="1" complexity="NaN">
              <lines />
            </method>
            <method name="WarningUnlessAlterTrace" signature="(System.Boolean,Microsoft.VisualStudio.TestPlatform.ObjectModel.PlatformTraceLevel,System.String)" line-rate="1" branch-rate="1" complexity="NaN">
              <lines />
            </method>
            <method name="Warning" signature="(System.String,System.Object[])" line-rate="1" branch-rate="1" complexity="NaN">
              <lines />
            </method>
            <method name="WarningIf" signature="(System.Boolean,System.String,System.Object[])" line-rate="1" branch-rate="1" complexity="NaN">
              <lines />
            </method>
            <method name="WarningUnless" signature="(System.Boolean,System.String,System.Object[])" line-rate="1" branch-rate="1" complexity="NaN">
              <lines />
            </method>
            <method name="WarningUnlessAlterTrace" signature="(System.Boolean,Microsoft.VisualStudio.TestPlatform.ObjectModel.PlatformTraceLevel,System.String,System.Object[])" line-rate="1" branch-rate="1" complexity="NaN">
              <lines />
            </method>
            <method name="Info" signature="(System.String)" line-rate="1" branch-rate="1" complexity="NaN">
              <lines />
            </method>
            <method name="InfoIf" signature="(System.Boolean,System.String)" line-rate="1" branch-rate="1" complexity="NaN">
              <lines />
            </method>
            <method name="InfoUnless" signature="(System.Boolean,System.String)" line-rate="1" branch-rate="1" complexity="NaN">
              <lines />
            </method>
            <method name="InfoUnlessAlterTrace" signature="(System.Boolean,Microsoft.VisualStudio.TestPlatform.ObjectModel.PlatformTraceLevel,System.String)" line-rate="1" branch-rate="1" complexity="NaN">
              <lines />
            </method>
            <method name="Info" signature="(System.String,System.Object[])" line-rate="1" branch-rate="1" complexity="NaN">
              <lines />
            </method>
            <method name="InfoIf" signature="(System.Boolean,System.String,System.Object[])" line-rate="1" branch-rate="1" complexity="NaN">
              <lines />
            </method>
            <method name="InfoUnless" signature="(System.Boolean,System.String,System.Object[])" line-rate="1" branch-rate="1" complexity="NaN">
              <lines />
            </method>
            <method name="InfoUnlessAlterTrace" signature="(System.Boolean,Microsoft.VisualStudio.TestPlatform.ObjectModel.PlatformTraceLevel,System.String,System.Object[])" line-rate="1" branch-rate="1" complexity="NaN">
              <lines />
            </method>
            <method name="Verbose" signature="(System.String)" line-rate="1" branch-rate="1" complexity="NaN">
              <lines />
            </method>
            <method name="VerboseIf" signature="(System.Boolean,System.String)" line-rate="1" branch-rate="1" complexity="NaN">
              <lines />
            </method>
            <method name="VerboseUnless" signature="(System.Boolean,System.String)" line-rate="1" branch-rate="1" complexity="NaN">
              <lines />
            </method>
            <method name="VerboseUnlessAlterTrace" signature="(System.Boolean,Microsoft.VisualStudio.TestPlatform.ObjectModel.PlatformTraceLevel,System.String)" line-rate="1" branch-rate="1" complexity="NaN">
              <lines />
            </method>
            <method name="Verbose" signature="(System.String,System.Object[])" line-rate="1" branch-rate="1" complexity="NaN">
              <lines />
            </method>
            <method name="VerboseIf" signature="(System.Boolean,System.String,System.Object[])" line-rate="1" branch-rate="1" complexity="NaN">
              <lines />
            </method>
            <method name="VerboseUnless" signature="(System.Boolean,System.String,System.Object[])" line-rate="1" branch-rate="1" complexity="NaN">
              <lines />
            </method>
            <method name="VerboseUnlessAlterTrace" signature="(System.Boolean,Microsoft.VisualStudio.TestPlatform.ObjectModel.PlatformTraceLevel,System.String,System.Object[])" line-rate="1" branch-rate="1" complexity="NaN">
              <lines />
            </method>
            <method name="FormatException" signature="(System.Exception)" line-rate="1" branch-rate="1" complexity="NaN">
              <lines />
            </method>
            <method name="WriteAtLevel" signature="(Microsoft.VisualStudio.TestPlatform.ObjectModel.PlatformTraceLevel,System.String)" line-rate="1" branch-rate="1" complexity="NaN">
              <lines />
            </method>
            <method name="WriteAtLevel" signature="(Microsoft.VisualStudio.TestPlatform.ObjectModel.PlatformTraceLevel,System.String,System.Object[])" line-rate="1" branch-rate="1" complexity="NaN">
              <lines />
            </method>
            <method name="FailDebugger" signature="(System.String)" line-rate="1" branch-rate="1" complexity="NaN">
              <lines />
            </method>
            <method name=".cctor" signature="()" line-rate="1" branch-rate="1" complexity="1">
              <lines />
            </method>
          </methods>
          <lines />
        </class>
        <class name="Microsoft.VisualStudio.TestPlatform.ObjectModel.ValidateArg" filename="/_/src/Microsoft.TestPlatform.CoreUtilities/ValidateArg.cs" line-rate="1" branch-rate="1" complexity="NaN">
          <methods>
            <method name="NotNull" signature="(T,System.String)" line-rate="1" branch-rate="1" complexity="NaN">
              <lines />
            </method>
            <method name="NotNullOrEmpty" signature="(System.String,System.String)" line-rate="1" branch-rate="1" complexity="NaN">
              <lines />
            </method>
            <method name="NotNullOrWhiteSpace" signature="(System.String,System.String)" line-rate="1" branch-rate="1" complexity="NaN">
              <lines />
            </method>
            <method name="NotNegative" signature="(System.Int32,System.String)" line-rate="1" branch-rate="1" complexity="NaN">
              <lines />
            </method>
            <method name="NotNegative" signature="(System.Int64,System.String)" line-rate="1" branch-rate="1" complexity="NaN">
              <lines />
            </method>
            <method name="NotNullOrEmpty" signature="(System.Collections.Generic.IEnumerable`1&lt;T&gt;,System.String)" line-rate="1" branch-rate="1" complexity="NaN">
              <lines />
            </method>
            <method name="TypeOf" signature="(System.Object,System.String)" line-rate="1" branch-rate="1" complexity="NaN">
              <lines />
            </method>
          </methods>
          <lines />
        </class>
        <class name="Microsoft.VisualStudio.TestPlatform.ObjectModel.ValidateArgProperty" filename="/_/src/Microsoft.TestPlatform.CoreUtilities/ValidateArg.cs" line-rate="1" branch-rate="1" complexity="NaN">
          <methods>
            <method name="NotNull" signature="(System.Object,System.String,System.String)" line-rate="1" branch-rate="1" complexity="NaN">
              <lines />
            </method>
            <method name="NotNegative" signature="(System.Int32,System.String,System.String)" line-rate="1" branch-rate="1" complexity="NaN">
              <lines />
            </method>
            <method name="NotNullOrEmpty" signature="(System.String,System.String,System.String)" line-rate="1" branch-rate="1" complexity="NaN">
              <lines />
            </method>
            <method name="TypeOf" signature="(System.Object,System.String,System.String)" line-rate="1" branch-rate="1" complexity="NaN">
              <lines />
            </method>
          </methods>
          <lines />
        </class>
        <class name="Microsoft.VisualStudio.TestPlatform.Utilities.ConsoleOutput" filename="/_/src/Microsoft.TestPlatform.CoreUtilities/Output/ConsoleOutput.cs" line-rate="1" branch-rate="1" complexity="2">
          <methods>
            <method name="Instance" signature="()" line-rate="1" branch-rate="1" complexity="NaN">
              <lines />
            </method>
            <method name=".ctor" signature="()" line-rate="1" branch-rate="1" complexity="1">
              <lines />
            </method>
            <method name="WriteLine" signature="(System.String,Microsoft.VisualStudio.TestPlatform.Utilities.OutputLevel)" line-rate="1" branch-rate="1" complexity="NaN">
              <lines />
            </method>
            <method name="Write" signature="(System.String,Microsoft.VisualStudio.TestPlatform.Utilities.OutputLevel)" line-rate="1" branch-rate="1" complexity="NaN">
              <lines />
            </method>
            <method name=".cctor" signature="()" line-rate="1" branch-rate="1" complexity="1">
              <lines />
            </method>
          </methods>
          <lines />
        </class>
        <class name="Microsoft.VisualStudio.TestPlatform.Utilities.FeatureFlag" filename="/_/src/Microsoft.TestPlatform.CoreUtilities/FeatureFlag/FeatureFlag.cs" line-rate="1" branch-rate="1" complexity="3">
          <methods>
            <method name="Instance" signature="()" line-rate="1" branch-rate="1" complexity="NaN">
              <lines />
            </method>
            <method name="Instance" signature="(Microsoft.VisualStudio.TestPlatform.Utilities.IFeatureFlag)" line-rate="1" branch-rate="1" complexity="NaN">
              <lines />
            </method>
            <method name=".ctor" signature="()" line-rate="1" branch-rate="1" complexity="1">
              <lines />
            </method>
            <method name="IsSet" signature="(System.String)" line-rate="1" branch-rate="1" complexity="NaN">
              <lines />
            </method>
            <method name="Reset" signature="()" line-rate="1" branch-rate="1" complexity="1">
              <lines />
            </method>
            <method name="SetFlag" signature="(System.String,System.Boolean)" line-rate="1" branch-rate="1" complexity="NaN">
              <lines />
            </method>
            <method name=".cctor" signature="()" line-rate="1" branch-rate="1" complexity="1">
              <lines />
            </method>
          </methods>
          <lines />
        </class>
        <class name="Microsoft.VisualStudio.TestPlatform.Utilities.Helpers.FileHelper" filename="/_/src/Microsoft.TestPlatform.CoreUtilities/Helpers/FileHelper.cs" line-rate="1" branch-rate="1" complexity="3">
          <methods>
            <method name="CreateDirectory" signature="(System.String)" line-rate="1" branch-rate="1" complexity="NaN">
              <lines />
            </method>
            <method name="GetCurrentDirectory" signature="()" line-rate="1" branch-rate="1" complexity="1">
              <lines />
            </method>
            <method name="Exists" signature="(System.String)" line-rate="1" branch-rate="1" complexity="NaN">
              <lines />
            </method>
            <method name="DirectoryExists" signature="(System.String)" line-rate="1" branch-rate="1" complexity="NaN">
              <lines />
            </method>
            <method name="GetStream" signature="(System.String,System.IO.FileMode,System.IO.FileAccess)" line-rate="1" branch-rate="1" complexity="NaN">
              <lines />
            </method>
            <method name="GetStream" signature="(System.String,System.IO.FileMode,System.IO.FileAccess,System.IO.FileShare)" line-rate="1" branch-rate="1" complexity="NaN">
              <lines />
            </method>
            <method name="EnumerateFiles" signature="(System.String,System.IO.SearchOption,System.String[])" line-rate="1" branch-rate="1" complexity="NaN">
              <lines />
            </method>
            <method name="GetFileAttributes" signature="(System.String)" line-rate="1" branch-rate="1" complexity="NaN">
              <lines />
            </method>
            <method name="GetFileVersion" signature="(System.String)" line-rate="1" branch-rate="1" complexity="NaN">
              <lines />
            </method>
            <method name="CopyFile" signature="(System.String,System.String)" line-rate="1" branch-rate="1" complexity="NaN">
              <lines />
            </method>
            <method name="MoveFile" signature="(System.String,System.String)" line-rate="1" branch-rate="1" complexity="NaN">
              <lines />
            </method>
            <method name="WriteAllTextToFile" signature="(System.String,System.String)" line-rate="1" branch-rate="1" complexity="NaN">
              <lines />
            </method>
            <method name="GetFullPath" signature="(System.String)" line-rate="1" branch-rate="1" complexity="NaN">
              <lines />
            </method>
            <method name="DeleteEmptyDirectroy" signature="(System.String)" line-rate="1" branch-rate="1" complexity="NaN">
              <lines />
            </method>
            <method name="GetFiles" signature="(System.String,System.String,System.IO.SearchOption)" line-rate="1" branch-rate="1" complexity="NaN">
              <lines />
            </method>
            <method name="Delete" signature="(System.String)" line-rate="1" branch-rate="1" complexity="NaN">
              <lines />
            </method>
            <method name="DeleteDirectory" signature="(System.String,System.Boolean)" line-rate="1" branch-rate="1" complexity="NaN">
              <lines />
            </method>
            <method name="GetTempPath" signature="()" line-rate="1" branch-rate="1" complexity="1">
              <lines />
            </method>
            <method name="GetFileLength" signature="(System.String)" line-rate="1" branch-rate="1" complexity="NaN">
              <lines />
            </method>
            <method name=".cctor" signature="()" line-rate="1" branch-rate="1" complexity="1">
              <lines />
            </method>
          </methods>
          <lines />
        </class>
        <class name="Microsoft.VisualStudio.TestPlatform.Utilities.Helpers.RegistryKeyWrapper" filename="/_/src/Microsoft.TestPlatform.CoreUtilities/Helpers/WindowsRegistryHelper.cs" line-rate="1" branch-rate="1" complexity="4">
          <methods>
            <method name=".ctor" signature="(Microsoft.Win32.RegistryKey)" line-rate="1" branch-rate="1" complexity="NaN">
              <lines />
            </method>
            <method name="GetValue" signature="(System.String)" line-rate="1" branch-rate="1" complexity="NaN">
              <lines />
            </method>
            <method name="OpenSubKey" signature="(System.String)" line-rate="1" branch-rate="1" complexity="NaN">
              <lines />
            </method>
            <method name="GetSubKeyNames" signature="()" line-rate="1" branch-rate="1" complexity="2">
              <lines />
            </method>
            <method name="Dispose" signature="()" line-rate="1" branch-rate="1" complexity="2">
              <lines />
            </method>
          </methods>
          <lines />
        </class>
        <class name="Microsoft.VisualStudio.TestPlatform.Utilities.Helpers.RunSettingsHelper" filename="/_/src/Microsoft.TestPlatform.CoreUtilities/Helpers/RunSettingsHelper.cs" line-rate="1" branch-rate="1" complexity="2">
          <methods>
            <method name="IsDefaultTargetArchitecture" signature="()" line-rate="1" branch-rate="1" complexity="NaN">
              <lines />
            </method>
            <method name="IsDefaultTargetArchitecture" signature="(System.Boolean)" line-rate="1" branch-rate="1" complexity="NaN">
              <lines />
            </method>
            <method name="IsDesignMode" signature="()" line-rate="1" branch-rate="1" complexity="NaN">
              <lines />
            </method>
            <method name="IsDesignMode" signature="(System.Boolean)" line-rate="1" branch-rate="1" complexity="NaN">
              <lines />
            </method>
            <method name=".ctor" signature="()" line-rate="1" branch-rate="1" complexity="1">
              <lines />
            </method>
            <method name=".cctor" signature="()" line-rate="1" branch-rate="1" complexity="1">
              <lines />
            </method>
          </methods>
          <lines />
        </class>
        <class name="Microsoft.VisualStudio.TestPlatform.Utilities.Helpers.WindowsRegistryHelper" filename="/_/src/Microsoft.TestPlatform.CoreUtilities/Helpers/WindowsRegistryHelper.cs" line-rate="1" branch-rate="1" complexity="NaN">
          <methods>
            <method name="OpenBaseKey" signature="(Microsoft.Win32.RegistryHive,Microsoft.Win32.RegistryView)" line-rate="1" branch-rate="1" complexity="NaN">
              <lines />
            </method>
          </methods>
          <lines />
        </class>
        <class name="Microsoft.VisualStudio.TestPlatform.Utilities.JobQueue`1" filename="/_/src/Microsoft.TestPlatform.CoreUtilities/Utilities/JobQueue.cs" line-rate="1" branch-rate="1" complexity="8">
          <methods>
            <method name="IsPaused" signature="()" line-rate="1" branch-rate="1" complexity="NaN">
              <lines />
            </method>
            <method name="IsPaused" signature="(System.Boolean)" line-rate="1" branch-rate="1" complexity="NaN">
              <lines />
            </method>
            <method name=".ctor" signature="(System.Action`1&lt;T&gt;,System.String,System.Int32,System.Int32,System.Boolean,System.Action`1&lt;System.String&gt;)" line-rate="1" branch-rate="1" complexity="NaN">
              <lines />
            </method>
            <method name="QueueJob" signature="(T,System.Int32)" line-rate="1" branch-rate="1" complexity="NaN">
              <lines />
            </method>
            <method name="Pause" signature="()" line-rate="1" branch-rate="1" complexity="1">
              <lines />
            </method>
            <method name="Resume" signature="()" line-rate="1" branch-rate="1" complexity="1">
              <lines />
            </method>
            <method name="Flush" signature="()" line-rate="1" branch-rate="1" complexity="2">
              <lines />
            </method>
            <method name="Dispose" signature="()" line-rate="1" branch-rate="1" complexity="1">
              <lines />
            </method>
            <method name="Dispose" signature="(System.Boolean)" line-rate="1" branch-rate="1" complexity="NaN">
              <lines />
            </method>
            <method name="WaitForQueueToGetEmpty" signature="()" line-rate="1" branch-rate="1" complexity="1">
              <lines />
            </method>
            <method name="InternalQueueJob" signature="(Microsoft.VisualStudio.TestPlatform.Common.Utilities.Job`1&lt;T&gt;)" line-rate="1" branch-rate="1" complexity="NaN">
              <lines />
            </method>
            <method name="CheckDisposed" signature="()" line-rate="1" branch-rate="1" complexity="2">
              <lines />
            </method>
            <method name="BackgroundJobProcessor" signature="(System.String)" line-rate="1" branch-rate="1" complexity="NaN">
              <lines />
            </method>
            <method name="SafeProcessJob" signature="(T)" line-rate="1" branch-rate="1" complexity="NaN">
              <lines />
            </method>
          </methods>
          <lines />
        </class>
        <class name="Microsoft.VisualStudio.TestPlatform.Utilities.MulticastDelegateUtilities" filename="/_/src/Microsoft.TestPlatform.CoreUtilities/Utilities/MulticastDelegateUtilities.cs" line-rate="1" branch-rate="1" complexity="NaN">
          <methods>
            <method name="SafeInvoke" signature="(System.Delegate,System.Object,System.EventArgs,System.String)" line-rate="1" branch-rate="1" complexity="NaN">
              <lines />
            </method>
            <method name="SafeInvoke" signature="(System.Delegate,System.Object,System.Object,System.String)" line-rate="1" branch-rate="1" complexity="NaN">
              <lines />
            </method>
            <method name="GetMethodName" signature="(System.Delegate)" line-rate="1" branch-rate="1" complexity="NaN">
              <lines />
            </method>
            <method name="GetTargetName" signature="(System.Delegate)" line-rate="1" branch-rate="1" complexity="NaN">
              <lines />
            </method>
          </methods>
          <lines />
        </class>
        <class name="Microsoft.VisualStudio.TestPlatform.Utilities.OutputExtensions" filename="/_/src/Microsoft.TestPlatform.CoreUtilities/Output/OutputExtensions.cs" line-rate="1" branch-rate="1" complexity="NaN">
          <methods>
            <method name="Error" signature="(Microsoft.VisualStudio.TestPlatform.Utilities.IOutput,System.Boolean,System.String,System.Object[])" line-rate="1" branch-rate="1" complexity="NaN">
              <lines />
            </method>
            <method name="Warning" signature="(Microsoft.VisualStudio.TestPlatform.Utilities.IOutput,System.Boolean,System.String,System.Object[])" line-rate="1" branch-rate="1" complexity="NaN">
              <lines />
            </method>
            <method name="Information" signature="(Microsoft.VisualStudio.TestPlatform.Utilities.IOutput,System.Boolean,System.String,System.Object[])" line-rate="1" branch-rate="1" complexity="NaN">
              <lines />
            </method>
            <method name="Information" signature="(Microsoft.VisualStudio.TestPlatform.Utilities.IOutput,System.Boolean,System.ConsoleColor,System.String,System.Object[])" line-rate="1" branch-rate="1" complexity="NaN">
              <lines />
            </method>
            <method name="Write" signature="(Microsoft.VisualStudio.TestPlatform.Utilities.IOutput,System.String,Microsoft.VisualStudio.TestPlatform.Utilities.OutputLevel,System.ConsoleColor)" line-rate="1" branch-rate="1" complexity="NaN">
              <lines />
            </method>
            <method name="Output" signature="(Microsoft.VisualStudio.TestPlatform.Utilities.IOutput,Microsoft.VisualStudio.TestPlatform.Utilities.OutputLevel,System.String,System.String,System.Object[])" line-rate="1" branch-rate="1" complexity="NaN">
              <lines />
            </method>
            <method name="Format" signature="(System.String,System.String,System.Object[])" line-rate="1" branch-rate="1" complexity="NaN">
              <lines />
            </method>
            <method name="SetColorForAction" signature="(System.ConsoleColor,System.Action)" line-rate="1" branch-rate="1" complexity="NaN">
              <lines />
            </method>
          </methods>
          <lines />
        </class>
        <class name="Microsoft.VisualStudio.TestPlatform.Utilities.TimeSpanParser" filename="/_/src/Microsoft.TestPlatform.CoreUtilities/Utilities/TimeSpanParser.cs" line-rate="1" branch-rate="1" complexity="1">
          <methods>
            <method name="Parse" signature="(System.String)" line-rate="1" branch-rate="1" complexity="NaN">
              <lines />
            </method>
            <method name="TryParse" signature="(System.String,System.TimeSpan&amp;)" line-rate="1" branch-rate="1" complexity="NaN">
              <lines />
            </method>
            <method name="GetFormatException" signature="(System.String)" line-rate="1" branch-rate="1" complexity="NaN">
              <lines />
            </method>
            <method name=".cctor" signature="()" line-rate="1" branch-rate="1" complexity="1">
              <lines />
            </method>
          </methods>
          <lines />
        </class>
        <class name="System.Diagnostics.CodeAnalysis.DoesNotReturnIfAttribute" filename="/_/shared/NullableAttributes.cs" line-rate="1" branch-rate="1" complexity="NaN">
          <methods>
            <method name="ParameterValue" signature="()" line-rate="1" branch-rate="1" complexity="NaN">
              <lines />
            </method>
            <method name=".ctor" signature="(System.Boolean)" line-rate="1" branch-rate="1" complexity="NaN">
              <lines />
            </method>
          </methods>
          <lines />
        </class>
        <class name="System.Diagnostics.CodeAnalysis.MaybeNullWhenAttribute" filename="/_/shared/NullableAttributes.cs" line-rate="1" branch-rate="1" complexity="NaN">
          <methods>
            <method name="ReturnValue" signature="()" line-rate="1" branch-rate="1" complexity="NaN">
              <lines />
            </method>
            <method name=".ctor" signature="(System.Boolean)" line-rate="1" branch-rate="1" complexity="NaN">
              <lines />
            </method>
          </methods>
          <lines />
        </class>
        <class name="System.Diagnostics.CodeAnalysis.MemberNotNullAttribute" filename="/_/shared/NullableAttributes.cs" line-rate="1" branch-rate="1" complexity="NaN">
          <methods>
            <method name="Members" signature="()" line-rate="1" branch-rate="1" complexity="NaN">
              <lines />
            </method>
            <method name=".ctor" signature="(System.String)" line-rate="1" branch-rate="1" complexity="NaN">
              <lines />
            </method>
            <method name=".ctor" signature="(System.String[])" line-rate="1" branch-rate="1" complexity="NaN">
              <lines />
            </method>
          </methods>
          <lines />
        </class>
        <class name="System.Diagnostics.CodeAnalysis.MemberNotNullWhenAttribute" filename="/_/shared/NullableAttributes.cs" line-rate="1" branch-rate="1" complexity="NaN">
          <methods>
            <method name="ReturnValue" signature="()" line-rate="1" branch-rate="1" complexity="NaN">
              <lines />
            </method>
            <method name="Members" signature="()" line-rate="1" branch-rate="1" complexity="NaN">
              <lines />
            </method>
            <method name=".ctor" signature="(System.Boolean,System.String)" line-rate="1" branch-rate="1" complexity="NaN">
              <lines />
            </method>
            <method name=".ctor" signature="(System.Boolean,System.String[])" line-rate="1" branch-rate="1" complexity="NaN">
              <lines />
            </method>
          </methods>
          <lines />
        </class>
        <class name="System.Diagnostics.CodeAnalysis.NotNullIfNotNullAttribute" filename="/_/shared/NullableAttributes.cs" line-rate="1" branch-rate="1" complexity="NaN">
          <methods>
            <method name="ParameterName" signature="()" line-rate="1" branch-rate="1" complexity="NaN">
              <lines />
            </method>
            <method name=".ctor" signature="(System.String)" line-rate="1" branch-rate="1" complexity="NaN">
              <lines />
            </method>
          </methods>
          <lines />
        </class>
        <class name="System.Diagnostics.CodeAnalysis.NotNullWhenAttribute" filename="/_/shared/NullableAttributes.cs" line-rate="1" branch-rate="1" complexity="NaN">
          <methods>
            <method name="ReturnValue" signature="()" line-rate="1" branch-rate="1" complexity="NaN">
              <lines />
            </method>
            <method name=".ctor" signature="(System.Boolean)" line-rate="1" branch-rate="1" complexity="NaN">
              <lines />
            </method>
          </methods>
          <lines />
        </class>
        <class name="System.GuidPolyfill" filename="/_/src/Microsoft.TestPlatform.CoreUtilities/Extensions/GuidPolyfill.cs" line-rate="1" branch-rate="1" complexity="NaN">
          <methods>
            <method name="Parse" signature="(System.String,System.IFormatProvider)" line-rate="1" branch-rate="1" complexity="NaN">
              <lines />
            </method>
          </methods>
          <lines />
        </class>
        <class name="System.Text.StringBuilderPolyfill" filename="/_/src/Microsoft.TestPlatform.CoreUtilities/Extensions/StringBuilderPolyfill.cs" line-rate="1" branch-rate="1" complexity="NaN">
          <methods>
            <method name="Append" signature="(System.Text.StringBuilder,System.IFormatProvider,System.String)" line-rate="1" branch-rate="1" complexity="NaN">
              <lines />
            </method>
          </methods>
          <lines />
        </class>
      </classes>
    </package>
    <package name="Microsoft.TestPlatform.PlatformAbstractions" line-rate="0.0840197693574959" branch-rate="0.0396039603960396" complexity="194">
      <classes>
        <class name="Microsoft.TestPlatform.PlatformAbstractions.StringUtils" filename="/_/src/Microsoft.TestPlatform.PlatformAbstractions/NullableHelpers.cs" line-rate="1" branch-rate="1" complexity="NaN">
          <methods>
            <method name="IsNullOrEmpty" signature="(System.String)" line-rate="1" branch-rate="1" complexity="NaN">
              <lines />
            </method>
            <method name="IsNullOrWhiteSpace" signature="(System.String)" line-rate="1" branch-rate="1" complexity="NaN">
              <lines />
            </method>
          </methods>
          <lines />
        </class>
        <class name="Microsoft.TestPlatform.PlatformAbstractions.VersionAttribute" filename="/_/src/Microsoft.TestPlatform.PlatformAbstractions/VersionAttribute.cs" line-rate="1" branch-rate="1" complexity="NaN">
          <methods>
            <method name="Description" signature="()" line-rate="1" branch-rate="1" complexity="NaN">
              <lines />
            </method>
            <method name="Description" signature="(System.String)" line-rate="1" branch-rate="1" complexity="NaN">
              <lines />
            </method>
            <method name=".ctor" signature="(System.Int32)" line-rate="1" branch-rate="1" complexity="NaN">
              <lines />
            </method>
          </methods>
          <lines />
        </class>
        <class name="Microsoft.VisualStudio.TestPlatform.ObjectModel.PlatformEqtTrace" filename="/_/src/Microsoft.TestPlatform.PlatformAbstractions/common/Tracing/PlatformEqtTrace.cs" line-rate="1" branch-rate="1" complexity="21">
          <methods>
            <method name="LogFile" signature="()" line-rate="1" branch-rate="1" complexity="NaN">
              <lines />
            </method>
            <method name="LogFile" signature="(System.String)" line-rate="1" branch-rate="1" complexity="NaN">
              <lines />
            </method>
            <method name="TraceLevel" signature="()" line-rate="1" branch-rate="1" complexity="NaN">
              <lines />
            </method>
            <method name="TraceLevel" signature="(System.Diagnostics.TraceLevel)" line-rate="1" branch-rate="1" complexity="NaN">
              <lines />
            </method>
            <method name="ErrorOnInitialization" signature="()" line-rate="1" branch-rate="1" complexity="NaN">
              <lines />
            </method>
            <method name="ErrorOnInitialization" signature="(System.String)" line-rate="1" branch-rate="1" complexity="NaN">
              <lines />
            </method>
            <method name="DoNotInitialize" signature="()" line-rate="1" branch-rate="1" complexity="NaN">
              <lines />
            </method>
            <method name="DoNotInitialize" signature="(System.Boolean)" line-rate="1" branch-rate="1" complexity="NaN">
              <lines />
            </method>
            <method name="Source" signature="()" line-rate="1" branch-rate="1" complexity="NaN">
              <lines />
            </method>
            <method name="InitializeVerboseTrace" signature="(System.String)" line-rate="1" branch-rate="1" complexity="NaN">
              <lines />
            </method>
            <method name="InitializeTrace" signature="(System.String,Microsoft.VisualStudio.TestPlatform.ObjectModel.PlatformTraceLevel)" line-rate="1" branch-rate="1" complexity="NaN">
              <lines />
            </method>
            <method name="ShouldTrace" signature="(Microsoft.VisualStudio.TestPlatform.ObjectModel.PlatformTraceLevel)" line-rate="1" branch-rate="1" complexity="NaN">
              <lines />
            </method>
            <method name="GetLogFile" signature="()" line-rate="1" branch-rate="1" complexity="1">
              <lines />
            </method>
            <method name="WriteLine" signature="(Microsoft.VisualStudio.TestPlatform.ObjectModel.PlatformTraceLevel,System.String)" line-rate="1" branch-rate="1" complexity="NaN">
              <lines />
            </method>
            <method name="SetTraceLevel" signature="(Microsoft.VisualStudio.TestPlatform.ObjectModel.PlatformTraceLevel)" line-rate="1" branch-rate="1" complexity="NaN">
              <lines />
            </method>
            <method name="GetTraceLevel" signature="()" line-rate="1" branch-rate="1" complexity="1">
              <lines />
            </method>
            <method name="MapPlatformTraceToTrace" signature="(Microsoft.VisualStudio.TestPlatform.ObjectModel.PlatformTraceLevel)" line-rate="1" branch-rate="1" complexity="NaN">
              <lines />
            </method>
            <method name="SetupRemoteListeners" signature="(System.Diagnostics.TraceListener)" line-rate="1" branch-rate="1" complexity="NaN">
              <lines />
            </method>
            <method name="LogIgnoredException" signature="(System.Exception)" line-rate="1" branch-rate="1" complexity="NaN">
              <lines />
            </method>
            <method name="EnsureTraceIsInitialized" signature="()" line-rate="1" branch-rate="1" complexity="10">
              <lines />
            </method>
            <method name="GetProcessName" signature="()" line-rate="1" branch-rate="1" complexity="5">
              <lines />
            </method>
            <method name="GetProcessId" signature="()" line-rate="1" branch-rate="1" complexity="2">
              <lines />
            </method>
            <method name="UnInitializeTrace" signature="()" line-rate="1" branch-rate="1" complexity="1">
              <lines />
            </method>
            <method name=".cctor" signature="()" line-rate="1" branch-rate="1" complexity="1">
              <lines />
            </method>
          </methods>
          <lines />
        </class>
        <class name="Microsoft.VisualStudio.TestPlatform.ObjectModel.PlatformEqtTrace" filename="/_/src/Microsoft.TestPlatform.PlatformAbstractions/net462/Tracing/PlatformEqtTrace.cs" line-rate="1" branch-rate="1" complexity="NaN">
          <methods>
            <method name="SetupRemoteEqtTraceListeners" signature="(System.AppDomain)" line-rate="1" branch-rate="1" complexity="NaN">
              <lines />
            </method>
            <method name="SetupListener" signature="(System.Diagnostics.TraceListener)" line-rate="1" branch-rate="1" complexity="NaN">
              <lines />
            </method>
          </methods>
          <lines />
        </class>
        <class name="Microsoft.VisualStudio.TestPlatform.ObjectModel.RemoteEqtTrace" filename="/_/src/Microsoft.TestPlatform.PlatformAbstractions/net462/Tracing/RemoteEqtTrace.cs" line-rate="1" branch-rate="1" complexity="NaN">
          <methods>
            <method name="TraceLevel" signature="()" line-rate="1" branch-rate="1" complexity="NaN">
              <lines />
            </method>
            <method name="TraceLevel" signature="(System.Diagnostics.TraceLevel)" line-rate="1" branch-rate="1" complexity="NaN">
              <lines />
            </method>
            <method name="SetupRemoteListeners" signature="(System.Diagnostics.TraceListener)" line-rate="1" branch-rate="1" complexity="NaN">
              <lines />
            </method>
          </methods>
          <lines />
        </class>
        <class name="Microsoft.VisualStudio.TestPlatform.ObjectModel.RollingFileTraceListener" filename="/_/src/Microsoft.TestPlatform.PlatformAbstractions/common/Tracing/RollingFileTraceListener.cs" line-rate="1" branch-rate="1" complexity="14">
          <methods>
            <method name="TraceFileName" signature="()" line-rate="1" branch-rate="1" complexity="NaN">
              <lines />
            </method>
            <method name="TraceFileName" signature="(System.String)" line-rate="1" branch-rate="1" complexity="NaN">
              <lines />
            </method>
            <method name="RollingHelper" signature="()" line-rate="1" branch-rate="1" complexity="NaN">
              <lines />
            </method>
            <method name=".ctor" signature="(System.String,System.String,System.Int32)" line-rate="1" branch-rate="1" complexity="NaN">
              <lines />
            </method>
            <method name="WriteLine" signature="(System.String)" line-rate="1" branch-rate="1" complexity="NaN">
              <lines />
            </method>
            <method name="OpenTextWriter" signature="(System.String)" line-rate="1" branch-rate="1" complexity="NaN">
              <lines />
            </method>
            <method name="Dispose" signature="(System.Boolean)" line-rate="1" branch-rate="1" complexity="NaN">
              <lines />
            </method>
            <method name="GetEncodingWithFallback" signature="()" line-rate="1" branch-rate="1" complexity="1">
              <lines />
            </method>
            <method name=".ctor" signature="(Microsoft.VisualStudio.TestPlatform.ObjectModel.RollingFileTraceListener)" line-rate="1" branch-rate="1" complexity="NaN">
              <lines />
            </method>
            <method name="CheckIsRollNecessary" signature="()" line-rate="1" branch-rate="1" complexity="3">
              <lines />
            </method>
            <method name="PerformRoll" signature="(System.DateTime)" line-rate="1" branch-rate="1" complexity="NaN">
              <lines />
            </method>
            <method name="RollIfNecessary" signature="()" line-rate="1" branch-rate="1" complexity="5">
              <lines />
            </method>
            <method name="UpdateRollingInformationIfNecessary" signature="()" line-rate="1" branch-rate="1" complexity="4">
              <lines />
            </method>
            <method name="Dispose" signature="()" line-rate="1" branch-rate="1" complexity="1">
              <lines />
            </method>
            <method name="SafeMove" signature="(System.String,System.String,System.DateTime)" line-rate="1" branch-rate="1" complexity="NaN">
              <lines />
            </method>
            <method name="Dispose" signature="(System.Boolean)" line-rate="1" branch-rate="1" complexity="NaN">
              <lines />
            </method>
            <method name="Tally" signature="()" line-rate="1" branch-rate="1" complexity="NaN">
              <lines />
            </method>
            <method name="Tally" signature="(System.Int64)" line-rate="1" branch-rate="1" complexity="NaN">
              <lines />
            </method>
            <method name=".ctor" signature="(System.IO.FileStream)" line-rate="1" branch-rate="1" complexity="NaN">
              <lines />
            </method>
            <method name=".ctor" signature="(System.IO.FileStream,System.Text.Encoding)" line-rate="1" branch-rate="1" complexity="NaN">
              <lines />
            </method>
            <method name="Write" signature="(System.Char)" line-rate="1" branch-rate="1" complexity="NaN">
              <lines />
            </method>
            <method name="Write" signature="(System.Char[])" line-rate="1" branch-rate="1" complexity="NaN">
              <lines />
            </method>
            <method name="Write" signature="(System.Char[],System.Int32,System.Int32)" line-rate="1" branch-rate="1" complexity="NaN">
              <lines />
            </method>
            <method name="Write" signature="(System.String)" line-rate="1" branch-rate="1" complexity="NaN">
              <lines />
            </method>
          </methods>
          <lines />
        </class>
        <class name="Microsoft.VisualStudio.TestPlatform.PlatformAbstractions.Interfaces.AssemblyResolveEventArgs" filename="/_/src/Microsoft.TestPlatform.PlatformAbstractions/Interfaces/Runtime/IAssemblyResolver.cs" line-rate="1" branch-rate="1" complexity="NaN">
          <methods>
            <method name="Name" signature="()" line-rate="1" branch-rate="1" complexity="NaN">
              <lines />
            </method>
            <method name="Name" signature="(System.String)" line-rate="1" branch-rate="1" complexity="NaN">
              <lines />
            </method>
            <method name=".ctor" signature="(System.String)" line-rate="1" branch-rate="1" complexity="NaN">
              <lines />
            </method>
          </methods>
          <lines />
        </class>
        <class name="Microsoft.VisualStudio.TestPlatform.PlatformAbstractions.PlatformAssemblyExtensions" filename="/_/src/Microsoft.TestPlatform.PlatformAbstractions/net462/Runtime/PlatformAssemblyExtensions.cs" line-rate="1" branch-rate="1" complexity="NaN">
          <methods>
            <method name="GetAssemblyLocation" signature="(System.Reflection.Assembly)" line-rate="1" branch-rate="1" complexity="NaN">
              <lines />
            </method>
          </methods>
          <lines />
        </class>
        <class name="Microsoft.VisualStudio.TestPlatform.PlatformAbstractions.PlatformAssemblyLoadContext" filename="/_/src/Microsoft.TestPlatform.PlatformAbstractions/net462/Runtime/PlatformAssemblyLoadContext.cs" line-rate="1" branch-rate="1" complexity="NaN">
          <methods>
            <method name="GetAssemblyNameFromPath" signature="(System.String)" line-rate="1" branch-rate="1" complexity="NaN">
              <lines />
            </method>
            <method name="LoadAssemblyFromPath" signature="(System.String)" line-rate="1" branch-rate="1" complexity="NaN">
              <lines />
            </method>
          </methods>
          <lines />
        </class>
        <class name="Microsoft.VisualStudio.TestPlatform.PlatformAbstractions.PlatformAssemblyResolver" filename="/_/src/Microsoft.TestPlatform.PlatformAbstractions/net462/Runtime/PlatformAssemblyResolver.cs" line-rate="1" branch-rate="1" complexity="3">
          <methods>
            <method name=".ctor" signature="()" line-rate="1" branch-rate="1" complexity="1">
              <lines />
            </method>
            <method name="Finalize" signature="()" line-rate="1" branch-rate="1" complexity="1">
              <lines />
            </method>
            <method name="Dispose" signature="()" line-rate="1" branch-rate="1" complexity="1">
              <lines />
            </method>
            <method name="Dispose" signature="(System.Boolean)" line-rate="1" branch-rate="1" complexity="NaN">
              <lines />
            </method>
            <method name="AssemblyResolverEvent" signature="(System.Object,System.Object)" line-rate="1" branch-rate="1" complexity="NaN">
              <lines />
            </method>
          </methods>
          <lines />
        </class>
        <class name="Microsoft.VisualStudio.TestPlatform.PlatformAbstractions.PlatformEnvironment" filename="/_/src/Microsoft.TestPlatform.PlatformAbstractions/net462/System/PlatformEnvironment.cs" line-rate="1" branch-rate="1" complexity="3">
          <methods>
            <method name="Architecture" signature="()" line-rate="1" branch-rate="1" complexity="NaN">
              <lines />
            </method>
            <method name="OperatingSystem" signature="()" line-rate="1" branch-rate="1" complexity="NaN">
              <lines />
            </method>
            <method name="OperatingSystemVersion" signature="()" line-rate="1" branch-rate="1" complexity="NaN">
              <lines />
            </method>
            <method name="ProcessorCount" signature="()" line-rate="1" branch-rate="1" complexity="NaN">
              <lines />
            </method>
            <method name="IsArm64" signature="()" line-rate="1" branch-rate="1" complexity="2">
              <lines />
            </method>
            <method name="Exit" signature="(System.Int32)" line-rate="1" branch-rate="1" complexity="NaN">
              <lines />
            </method>
            <method name="GetCurrentManagedThreadId" signature="()" line-rate="1" branch-rate="1" complexity="1">
              <lines />
            </method>
          </methods>
          <lines />
        </class>
        <class name="Microsoft.VisualStudio.TestPlatform.PlatformAbstractions.PlatformStream" filename="/_/src/Microsoft.TestPlatform.PlatformAbstractions/common/IO/PlatformStream.cs" line-rate="1" branch-rate="1" complexity="NaN">
          <methods>
            <method name="CreateBufferedStream" signature="(System.IO.Stream,System.Int32)" line-rate="1" branch-rate="1" complexity="NaN">
              <lines />
            </method>
          </methods>
          <lines />
        </class>
        <class name="Microsoft.VisualStudio.TestPlatform.PlatformAbstractions.PlatformThread" filename="/_/src/Microsoft.TestPlatform.PlatformAbstractions/net462/System/PlatformThread.cs" line-rate="1" branch-rate="1" complexity="NaN">
          <methods>
            <method name="Run" signature="(System.Action,Microsoft.VisualStudio.TestPlatform.PlatformAbstractions.PlatformApartmentState,System.Boolean)" line-rate="1" branch-rate="1" complexity="NaN">
              <lines />
            </method>
          </methods>
          <lines />
        </class>
        <class name="Microsoft.VisualStudio.TestPlatform.PlatformAbstractions.ProcessHelper" filename="/_/src/Microsoft.TestPlatform.PlatformAbstractions/common/System/ProcessHelper.cs" line-rate="1" branch-rate="1" complexity="16">
          <methods>
            <method name="ExternalEnvironmentVariables" signature="()" line-rate="1" branch-rate="1" complexity="NaN">
              <lines />
            </method>
            <method name="ExternalEnvironmentVariables" signature="(System.Collections.Generic.IDictionary`2&lt;System.String,System.String&gt;)" line-rate="1" branch-rate="1" complexity="NaN">
              <lines />
            </method>
            <method name=".ctor" signature="()" line-rate="1" branch-rate="1" complexity="1">
              <lines />
            </method>
            <method name=".ctor" signature="(Microsoft.VisualStudio.TestPlatform.PlatformAbstractions.Interfaces.IEnvironment)" line-rate="1" branch-rate="1" complexity="NaN">
              <lines />
            </method>
            <method name="LaunchProcess" signature="(System.String,System.String,System.String,System.Collections.Generic.IDictionary`2&lt;System.String,System.String&gt;,System.Action`2&lt;System.Object,System.String&gt;,System.Action`1&lt;System.Object&gt;,System.Action`2&lt;System.Object,System.String&gt;)" line-rate="1" branch-rate="1" complexity="NaN">
              <lines />
            </method>
            <method name="GetCurrentProcessFileName" signature="()" line-rate="1" branch-rate="1" complexity="2">
              <lines />
            </method>
            <method name="GetTestEngineDirectory" signature="()" line-rate="1" branch-rate="1" complexity="1">
              <lines />
            </method>
            <method name="GetCurrentProcessId" signature="()" line-rate="1" branch-rate="1" complexity="1">
              <lines />
            </method>
            <method name="GetProcessName" signature="(System.Int32)" line-rate="1" branch-rate="1" complexity="NaN">
              <lines />
            </method>
            <method name="TryGetExitCode" signature="(System.Object,System.Int32&amp;)" line-rate="1" branch-rate="1" complexity="NaN">
              <lines />
            </method>
            <method name="SetExitCallback" signature="(System.Int32,System.Action`1&lt;System.Object&gt;)" line-rate="1" branch-rate="1" complexity="NaN">
              <lines />
            </method>
            <method name="TerminateProcess" signature="(System.Object)" line-rate="1" branch-rate="1" complexity="NaN">
              <lines />
            </method>
            <method name="GetProcessId" signature="(System.Object)" line-rate="1" branch-rate="1" complexity="NaN">
              <lines />
            </method>
            <method name="GetNativeDllDirectory" signature="()" line-rate="1" branch-rate="1" complexity="3">
              <lines />
            </method>
            <method name="GetFormattedCurrentProcessArchitecture" signature="()" line-rate="1" branch-rate="1" complexity="1">
              <lines />
            </method>
            <method name="WaitForProcessExit" signature="(System.Object)" line-rate="1" branch-rate="1" complexity="NaN">
              <lines />
            </method>
            <method name=".cctor" signature="()" line-rate="1" branch-rate="1" complexity="1">
              <lines />
            </method>
            <method name="&gt;c__DisplayClass9_0/&lt;&lt;LaunchProcess" signature="()" line-rate="1" branch-rate="1" complexity="6">
              <lines />
            </method>
          </methods>
          <lines />
        </class>
        <class name="Microsoft.VisualStudio.TestPlatform.PlatformAbstractions.ProcessHelper" filename="/_/src/Microsoft.TestPlatform.PlatformAbstractions/net462/System/ProcessHelper.cs" line-rate="1" branch-rate="1" complexity="3">
          <methods>
            <method name="GetCurrentProcessLocation" signature="()" line-rate="1" branch-rate="1" complexity="1">
              <lines />
            </method>
            <method name="GetProcessHandle" signature="(System.Int32)" line-rate="1" branch-rate="1" complexity="NaN">
              <lines />
            </method>
            <method name="GetCurrentProcessArchitecture" signature="()" line-rate="1" branch-rate="1" complexity="2">
              <lines />
            </method>
            <method name="GetProcessArchitecture" signature="(System.Int32)" line-rate="1" branch-rate="1" complexity="NaN">
              <lines />
            </method>
            <method name="IsArm64Executable" signature="(System.String)" line-rate="1" branch-rate="1" complexity="NaN">
              <lines />
            </method>
          </methods>
          <lines />
        </class>
        <class name="Microsoft.VisualStudio.TestPlatform.PlatformAbstractions.ProcessStartInfoExtensions" filename="/_/src/Microsoft.TestPlatform.PlatformAbstractions/net462/System/ProcessStartInfoExtensions.cs" line-rate="1" branch-rate="1" complexity="NaN">
          <methods>
            <method name="AddEnvironmentVariable" signature="(System.Diagnostics.ProcessStartInfo,System.String,System.String)" line-rate="1" branch-rate="1" complexity="NaN">
              <lines />
            </method>
          </methods>
          <lines />
        </class>
        <class name="Microsoft.VisualStudio.TestPlatform.PlatformAbstractions.ThreadApartmentStateNotSupportedException" filename="/_/src/Microsoft.TestPlatform.PlatformAbstractions/Interfaces/System/ThreadApartmentStateNotSupportedException.cs" line-rate="1" branch-rate="1" complexity="1">
          <methods>
            <method name=".ctor" signature="()" line-rate="1" branch-rate="1" complexity="1">
              <lines />
            </method>
            <method name=".ctor" signature="(System.String)" line-rate="1" branch-rate="1" complexity="NaN">
              <lines />
            </method>
            <method name=".ctor" signature="(System.String,System.Exception)" line-rate="1" branch-rate="1" complexity="NaN">
              <lines />
            </method>
          </methods>
          <lines />
        </class>
        <class name="System.Diagnostics.CodeAnalysis.DoesNotReturnIfAttribute" filename="/_/shared/NullableAttributes.cs" line-rate="1" branch-rate="1" complexity="NaN">
          <methods>
            <method name="ParameterValue" signature="()" line-rate="1" branch-rate="1" complexity="NaN">
              <lines />
            </method>
            <method name=".ctor" signature="(System.Boolean)" line-rate="1" branch-rate="1" complexity="NaN">
              <lines />
            </method>
          </methods>
          <lines />
        </class>
        <class name="System.Diagnostics.CodeAnalysis.MaybeNullWhenAttribute" filename="/_/shared/NullableAttributes.cs" line-rate="1" branch-rate="1" complexity="NaN">
          <methods>
            <method name="ReturnValue" signature="()" line-rate="1" branch-rate="1" complexity="NaN">
              <lines />
            </method>
            <method name=".ctor" signature="(System.Boolean)" line-rate="1" branch-rate="1" complexity="NaN">
              <lines />
            </method>
          </methods>
          <lines />
        </class>
        <class name="System.Diagnostics.CodeAnalysis.MemberNotNullAttribute" filename="/_/shared/NullableAttributes.cs" line-rate="1" branch-rate="1" complexity="NaN">
          <methods>
            <method name="Members" signature="()" line-rate="1" branch-rate="1" complexity="NaN">
              <lines />
            </method>
            <method name=".ctor" signature="(System.String)" line-rate="1" branch-rate="1" complexity="NaN">
              <lines />
            </method>
            <method name=".ctor" signature="(System.String[])" line-rate="1" branch-rate="1" complexity="NaN">
              <lines />
            </method>
          </methods>
          <lines />
        </class>
        <class name="System.Diagnostics.CodeAnalysis.MemberNotNullWhenAttribute" filename="/_/shared/NullableAttributes.cs" line-rate="1" branch-rate="1" complexity="NaN">
          <methods>
            <method name="ReturnValue" signature="()" line-rate="1" branch-rate="1" complexity="NaN">
              <lines />
            </method>
            <method name="Members" signature="()" line-rate="1" branch-rate="1" complexity="NaN">
              <lines />
            </method>
            <method name=".ctor" signature="(System.Boolean,System.String)" line-rate="1" branch-rate="1" complexity="NaN">
              <lines />
            </method>
            <method name=".ctor" signature="(System.Boolean,System.String[])" line-rate="1" branch-rate="1" complexity="NaN">
              <lines />
            </method>
          </methods>
          <lines />
        </class>
        <class name="System.Diagnostics.CodeAnalysis.NotNullIfNotNullAttribute" filename="/_/shared/NullableAttributes.cs" line-rate="1" branch-rate="1" complexity="NaN">
          <methods>
            <method name="ParameterName" signature="()" line-rate="1" branch-rate="1" complexity="NaN">
              <lines />
            </method>
            <method name=".ctor" signature="(System.String)" line-rate="1" branch-rate="1" complexity="NaN">
              <lines />
            </method>
          </methods>
          <lines />
        </class>
        <class name="System.Diagnostics.CodeAnalysis.NotNullWhenAttribute" filename="/_/shared/NullableAttributes.cs" line-rate="1" branch-rate="1" complexity="NaN">
          <methods>
            <method name="ReturnValue" signature="()" line-rate="1" branch-rate="1" complexity="NaN">
              <lines />
            </method>
            <method name=".ctor" signature="(System.Boolean)" line-rate="1" branch-rate="1" complexity="NaN">
              <lines />
            </method>
          </methods>
          <lines />
        </class>
      </classes>
    </package>
    <package name="Microsoft.VisualStudio.TestPlatform.ObjectModel" line-rate="0.00375704445835942" branch-rate="0.00655737704918033" complexity="1064">
      <classes>
        <class name="Microsoft.VisualStudio.TestPlatform.ObjectModel.Adapter.TestCanceledException" filename="/_/src/Microsoft.TestPlatform.ObjectModel/Adapter/TestsCanceledException.cs" line-rate="1" branch-rate="1" complexity="1">
          <methods>
            <method name=".ctor" signature="()" line-rate="1" branch-rate="1" complexity="1">
              <lines />
            </method>
            <method name=".ctor" signature="(System.String)" line-rate="1" branch-rate="1" complexity="NaN">
              <lines />
            </method>
[...]
                <line number="34" hits="0" branch="false" />
              </lines>
            </method>
            <method name="CountLearner" signature="(System.Int32)" line-rate="0" branch-rate="1" complexity="NaN">
              <lines>
                <line number="34" hits="0" branch="false" />
              </lines>
            </method>
            <method name="IsBought" signature="()" line-rate="0" branch-rate="1" complexity="NaN">
              <lines>
                <line number="36" hits="0" branch="false" />
              </lines>
            </method>
            <method name="IsBought" signature="(System.Boolean)" line-rate="0" branch-rate="1" complexity="NaN">
              <lines>
                <line number="36" hits="0" branch="false" />
              </lines>
            </method>
          </methods>
          <lines>
            <line number="10" hits="0" branch="false" />
            <line number="11" hits="0" branch="false" />
            <line number="12" hits="0" branch="false" />
            <line number="13" hits="0" branch="false" />
            <line number="14" hits="0" branch="false" />
            <line number="15" hits="0" branch="false" />
            <line number="16" hits="0" branch="false" />
            <line number="17" hits="0" branch="false" />
            <line number="18" hits="0" branch="false" />
            <line number="19" hits="0" branch="false" />
            <line number="20" hits="0" branch="false" />
            <line number="21" hits="0" branch="false" />
            <line number="22" hits="0" branch="false" />
            <line number="23" hits="0" branch="false" />
            <line number="24" hits="0" branch="false" />
            <line number="25" hits="0" branch="false" />
            <line number="26" hits="0" branch="false" />
            <line number="27" hits="0" branch="false" />
            <line number="28" hits="0" branch="false" />
            <line number="29" hits="0" branch="false" />
            <line number="30" hits="0" branch="false" />
            <line number="31" hits="0" branch="false" />
            <line number="32" hits="0" branch="false" />
            <line number="33" hits="0" branch="false" />
            <line number="34" hits="0" branch="false" />
            <line number="36" hits="0" branch="false" />
          </lines>
        </class>
        <class name="OnlineCourse.MvcApplication" filename="C:\Users\HONG VINH\OneDrive\Desktop\New folder\SE113-TestingSoftware\OnlineCourse\OnlineCourse\Global.asax.cs" line-rate="0" branch-rate="1" complexity="1">
          <methods>
            <method name="Application_Start" signature="()" line-rate="0" branch-rate="1" complexity="1">
              <lines>
                <line number="14" hits="0" branch="false" />
                <line number="15" hits="0" branch="false" />
                <line number="16" hits="0" branch="false" />
                <line number="17" hits="0" branch="false" />
                <line number="18" hits="0" branch="false" />
                <line number="19" hits="0" branch="false" />
              </lines>
            </method>
          </methods>
          <lines>
            <line number="14" hits="0" branch="false" />
            <line number="15" hits="0" branch="false" />
            <line number="16" hits="0" branch="false" />
            <line number="17" hits="0" branch="false" />
            <line number="18" hits="0" branch="false" />
            <line number="19" hits="0" branch="false" />
          </lines>
        </class>
        <class name="OnlineCourse.RouteConfig" filename="C:\Users\HONG VINH\OneDrive\Desktop\New folder\SE113-TestingSoftware\OnlineCourse\OnlineCourse\App_Start\RouteConfig.cs" line-rate="0" branch-rate="1" complexity="NaN">
          <methods>
            <method name="RegisterRoutes" signature="(System.Web.Routing.RouteCollection)" line-rate="0" branch-rate="1" complexity="NaN">
              <lines>
                <line number="13" hits="0" branch="false" />
                <line number="14" hits="0" branch="false" />
                <line number="16" hits="0" branch="false" />
                <line number="17" hits="0" branch="false" />
                <line number="18" hits="0" branch="false" />
                <line number="19" hits="0" branch="false" />
                <line number="20" hits="0" branch="false" />
                <line number="22" hits="0" branch="false" />
                <line number="23" hits="0" branch="false" />
                <line number="24" hits="0" branch="false" />
                <line number="25" hits="0" branch="false" />
                <line number="26" hits="0" branch="false" />
                <line number="28" hits="0" branch="false" />
                <line number="29" hits="0" branch="false" />
                <line number="30" hits="0" branch="false" />
                <line number="31" hits="0" branch="false" />
                <line number="32" hits="0" branch="false" />
                <line number="34" hits="0" branch="false" />
                <line number="35" hits="0" branch="false" />
                <line number="36" hits="0" branch="false" />
                <line number="37" hits="0" branch="false" />
                <line number="38" hits="0" branch="false" />
                <line number="40" hits="0" branch="false" />
                <line number="41" hits="0" branch="false" />
                <line number="42" hits="0" branch="false" />
                <line number="43" hits="0" branch="false" />
                <line number="44" hits="0" branch="false" />
                <line number="46" hits="0" branch="false" />
                <line number="47" hits="0" branch="false" />
                <line number="48" hits="0" branch="false" />
                <line number="49" hits="0" branch="false" />
                <line number="50" hits="0" branch="false" />
                <line number="52" hits="0" branch="false" />
                <line number="53" hits="0" branch="false" />
                <line number="54" hits="0" branch="false" />
                <line number="55" hits="0" branch="false" />
                <line number="56" hits="0" branch="false" />
                <line number="57" hits="0" branch="false" />
              </lines>
            </method>
          </methods>
          <lines>
            <line number="13" hits="0" branch="false" />
            <line number="14" hits="0" branch="false" />
            <line number="16" hits="0" branch="false" />
            <line number="17" hits="0" branch="false" />
            <line number="18" hits="0" branch="false" />
            <line number="19" hits="0" branch="false" />
            <line number="20" hits="0" branch="false" />
            <line number="22" hits="0" branch="false" />
            <line number="23" hits="0" branch="false" />
            <line number="24" hits="0" branch="false" />
            <line number="25" hits="0" branch="false" />
            <line number="26" hits="0" branch="false" />
            <line number="28" hits="0" branch="false" />
            <line number="29" hits="0" branch="false" />
            <line number="30" hits="0" branch="false" />
            <line number="31" hits="0" branch="false" />
            <line number="32" hits="0" branch="false" />
            <line number="34" hits="0" branch="false" />
            <line number="35" hits="0" branch="false" />
            <line number="36" hits="0" branch="false" />
            <line number="37" hits="0" branch="false" />
            <line number="38" hits="0" branch="false" />
            <line number="40" hits="0" branch="false" />
            <line number="41" hits="0" branch="false" />
            <line number="42" hits="0" branch="false" />
            <line number="43" hits="0" branch="false" />
            <line number="44" hits="0" branch="false" />
            <line number="46" hits="0" branch="false" />
            <line number="47" hits="0" branch="false" />
            <line number="48" hits="0" branch="false" />
            <line number="49" hits="0" branch="false" />
            <line number="50" hits="0" branch="false" />
            <line number="52" hits="0" branch="false" />
            <line number="53" hits="0" branch="false" />
            <line number="54" hits="0" branch="false" />
            <line number="55" hits="0" branch="false" />
            <line number="56" hits="0" branch="false" />
            <line number="57" hits="0" branch="false" />
          </lines>
        </class>
        <class name="OnlineCourse.WebApiConfig" filename="C:\Users\HONG VINH\OneDrive\Desktop\New folder\SE113-TestingSoftware\OnlineCourse\OnlineCourse\App_Start\WebApiConfig.cs" line-rate="0" branch-rate="1" complexity="NaN">
          <methods>
            <method name="Register" signature="(System.Web.Http.HttpConfiguration)" line-rate="0" branch-rate="1" complexity="NaN">
              <lines>
                <line number="11" hits="0" branch="false" />
                <line number="12" hits="0" branch="false" />
                <line number="13" hits="0" branch="false" />
                <line number="14" hits="0" branch="false" />
                <line number="15" hits="0" branch="false" />
                <line number="16" hits="0" branch="false" />
                <line number="17" hits="0" branch="false" />
              </lines>
            </method>
          </methods>
          <lines>
            <line number="11" hits="0" branch="false" />
            <line number="12" hits="0" branch="false" />
            <line number="13" hits="0" branch="false" />
            <line number="14" hits="0" branch="false" />
            <line number="15" hits="0" branch="false" />
            <line number="16" hits="0" branch="false" />
            <line number="17" hits="0" branch="false" />
          </lines>
        </class>
      </classes>
    </package>
    <package name="OnlineCourse.nUnitTests" line-rate="1" branch-rate="0.5" complexity="14">
      <classes>
        <class name="OnlineCourse.nUnitTests.TestProfileController" filename="C:\Users\HONG VINH\OneDrive\Desktop\New folder\SE113-TestingSoftware\OnlineCourse\OnlineCourse.nUnitTests\TestProfileController.cs" line-rate="1" branch-rate="1" complexity="3">
          <methods>
            <method name=".ctor" signature="()" line-rate="1" branch-rate="1" complexity="1">
              <lines>
                <line number="19" hits="2" branch="false" />
                <line number="20" hits="2" branch="false" />
                <line number="21" hits="2" branch="false" />
                <line number="22" hits="2" branch="false" />
              </lines>
            </method>
            <method name="TestShowViewProfile" signature="()" line-rate="1" branch-rate="1" complexity="1">
              <lines>
                <line number="26" hits="1" branch="false" />
                <line number="27" hits="1" branch="false" />
                <line number="29" hits="1" branch="false" />
                <line number="31" hits="1" branch="false" />
                <line number="32" hits="1" branch="false" />
              </lines>
            </method>
            <method name="TestViewProfile" signature="()" line-rate="1" branch-rate="1" complexity="1">
              <lines>
                <line number="36" hits="1" branch="false" />
                <line number="37" hits="1" branch="false" />
                <line number="39" hits="1" branch="false" />
                <line number="41" hits="1" branch="false" />
                <line number="43" hits="1" branch="false" />
                <line number="44" hits="1" branch="false" />
              </lines>
            </method>
          </methods>
          <lines>
            <line number="19" hits="2" branch="false" />
            <line number="20" hits="2" branch="false" />
            <line number="21" hits="2" branch="false" />
            <line number="22" hits="2" branch="false" />
            <line number="26" hits="1" branch="false" />
            <line number="27" hits="1" branch="false" />
            <line number="29" hits="1" branch="false" />
            <line number="31" hits="1" branch="false" />
            <line number="32" hits="1" branch="false" />
            <line number="36" hits="1" branch="false" />
            <line number="37" hits="1" branch="false" />
            <line number="39" hits="1" branch="false" />
            <line number="41" hits="1" branch="false" />
            <line number="43" hits="1" branch="false" />
            <line number="44" hits="1" branch="false" />
          </lines>
        </class>
        <class name="OnlineCourse.nUnitTests.TestUserController" filename="C:\Users\HONG VINH\OneDrive\Desktop\New folder\SE113-TestingSoftware\OnlineCourse\OnlineCourse.nUnitTests\TestUserController.cs" line-rate="1" branch-rate="0.5" complexity="11">
          <methods>
            <method name=".ctor" signature="()" line-rate="1" branch-rate="1" complexity="1">
              <lines>
                <line number="17" hits="6" branch="false" />
                <line number="18" hits="6" branch="false" />
                <line number="20" hits="6" branch="false" />
              </lines>
            </method>
            <method name="TestShowViewLogin" signature="()" line-rate="1" branch-rate="1" complexity="1">
              <lines>
                <line number="24" hits="1" branch="false" />
                <line number="25" hits="1" branch="false" />
                <line number="27" hits="1" branch="false" />
                <line number="29" hits="1" branch="false" />
                <line number="30" hits="1" branch="false" />
              </lines>
            </method>
            <method name="TestLoginSuccessful" signature="()" line-rate="1" branch-rate="1" complexity="1">
              <lines>
                <line number="35" hits="1" branch="false" />
                <line number="36" hits="1" branch="false" />
                <line number="38" hits="1" branch="false" />
                <line number="40" hits="1" branch="false" />
                <line number="42" hits="1" branch="false" />
                <line number="43" hits="1" branch="false" />
              </lines>
            </method>
            <method name="TestBannedAcount" signature="()" line-rate="1" branch-rate="0.5" complexity="2">
              <lines>
                <line number="47" hits="1" branch="false" />
                <line number="48" hits="1" branch="false" />
                <line number="50" hits="1" branch="false" />
                <line number="52" hits="1" branch="false" />
                <line number="54" hits="2" branch="true" condition-coverage="50% (1/2)" />
                <line number="56" hits="1" branch="false" />
                <line number="58" hits="1" branch="false" />
                <line number="59" hits="1" branch="false" />
              </lines>
            </method>
            <method name="TestWrongPassword" signature="()" line-rate="1" branch-rate="0.5" complexity="2">
              <lines>
                <line number="63" hits="1" branch="false" />
                <line number="64" hits="1" branch="false" />
                <line number="66" hits="1" branch="false" />
                <line number="68" hits="1" branch="false" />
                <line number="70" hits="2" branch="true" condition-coverage="50% (1/2)" />
                <line number="72" hits="1" branch="false" />
                <line number="74" hits="1" branch="false" />
                <line number="75" hits="1" branch="false" />
              </lines>
            </method>
            <method name="TestAccountDoesntExist" signature="()" line-rate="1" branch-rate="0.5" complexity="2">
              <lines>
                <line number="79" hits="1" branch="false" />
                <line number="80" hits="1" branch="false" />
                <line number="82" hits="1" branch="false" />
                <line number="84" hits="1" branch="false" />
                <line number="86" hits="2" branch="true" condition-coverage="50% (1/2)" />
                <line number="88" hits="1" branch="false" />
                <line number="90" hits="1" branch="false" />
                <line number="91" hits="1" branch="false" />
              </lines>
            </method>
            <method name="TestAccountNoPermit" signature="()" line-rate="1" branch-rate="0.5" complexity="2">
              <lines>
                <line number="95" hits="1" branch="false" />
                <line number="96" hits="1" branch="false" />
                <line number="98" hits="1" branch="false" />
                <line number="100" hits="1" branch="false" />
                <line number="102" hits="2" branch="true" condition-coverage="50% (1/2)" />
                <line number="104" hits="1" branch="false" />
                <line number="106" hits="1" branch="false" />
                <line number="107" hits="1" branch="false" />
              </lines>
            </method>
          </methods>
          <lines>
            <line number="17" hits="6" branch="false" />
            <line number="18" hits="6" branch="false" />
            <line number="20" hits="6" branch="false" />
            <line number="24" hits="1" branch="false" />
            <line number="25" hits="1" branch="false" />
            <line number="27" hits="1" branch="false" />
            <line number="29" hits="1" branch="false" />
            <line number="30" hits="1" branch="false" />
            <line number="35" hits="1" branch="false" />
            <line number="36" hits="1" branch="false" />
            <line number="38" hits="1" branch="false" />
            <line number="40" hits="1" branch="false" />
            <line number="42" hits="1" branch="false" />
            <line number="43" hits="1" branch="false" />
            <line number="47" hits="1" branch="false" />
            <line number="48" hits="1" branch="false" />
            <line number="50" hits="1" branch="false" />
            <line number="52" hits="1" branch="false" />
            <line number="54" hits="2" branch="true" condition-coverage="50% (1/2)" />
            <line number="56" hits="1" branch="false" />
            <line number="58" hits="1" branch="false" />
            <line number="59" hits="1" branch="false" />
            <line number="63" hits="1" branch="false" />
            <line number="64" hits="1" branch="false" />
            <line number="66" hits="1" branch="false" />
            <line number="68" hits="1" branch="false" />
            <line number="70" hits="2" branch="true" condition-coverage="50% (1/2)" />
            <line number="72" hits="1" branch="false" />
            <line number="74" hits="1" branch="false" />
            <line number="75" hits="1" branch="false" />
            <line number="79" hits="1" branch="false" />
            <line number="80" hits="1" branch="false" />
            <line number="82" hits="1" branch="false" />
            <line number="84" hits="1" branch="false" />
            <line number="86" hits="2" branch="true" condition-coverage="50% (1/2)" />
            <line number="88" hits="1" branch="false" />
            <line number="90" hits="1" branch="false" />
            <line number="91" hits="1" branch="false" />
            <line number="95" hits="1" branch="false" />
            <line number="96" hits="1" branch="false" />
            <line number="98" hits="1" branch="false" />
            <line number="100" hits="1" branch="false" />
            <line number="102" hits="2" branch="true" condition-coverage="50% (1/2)" />
            <line number="104" hits="1" branch="false" />
            <line number="106" hits="1" branch="false" />
            <line number="107" hits="1" branch="false" />
          </lines>
        </class>
      </classes>
    </package>
  </packages>
</coverage>